2024-12-19 15:42:51,553 - INFO - number of configurations: [5000 5000 5000 5000 5000 5000 5000 5000 5000 5000 5000 5000 5000 5000
 5000 5000 5000 5000 5000 5000]
2024-12-19 15:42:52,147 - INFO - water phase free energy computed.
2024-12-19 15:42:52,147 - INFO - water phase free energy: [-2.49527213 -1.35399491 -0.56852457 -0.08936149  0.14751257  0.19353765
  0.32066948  0.44529122  0.68639811  1.13119356  1.50927239  1.78872191
  1.92132956  1.81397705  1.21965957 -0.15964418 -1.36691762 -1.66041377
 -1.73029339 -1.753141  ]
2024-12-19 15:42:52,147 - INFO - water phase free energy difference: 0.7421311289577133
2024-12-19 15:42:52,148 - INFO - main completed in 0.67s
2024-12-19 15:43:51,602 - INFO - lambdas water phase: [[(1.0, 1.0)], [(0.8, 1.0)], [(0.6, 1.0)], [(0.4, 1.0)], [(0.2, 1.0)], [(0.0, 1.0)], [(0.0, 0.975)], [(0.0, 0.95)], [(0.0, 0.9)], [(0.0, 0.8)], [(0.0, 0.7)], [(0.0, 0.6)], [(0.0, 0.5)], [(0.0, 0.4)], [(0.0, 0.3)], [(0.0, 0.2)], [(0.0, 0.1)], [(0.0, 0.05)], [(0.0, 0.025)], [(0.0, 0.0)]]
2024-12-19 15:43:51,624 - INFO - number of configurations: [5000 5000 5000 5000 5000 5000 5000 5000 5000 5000 5000 5000 5000 5000
 5000 5000 5000 5000 5000 5000]
2024-12-19 15:43:52,114 - INFO - water phase free energy computed.
2024-12-19 15:43:52,114 - INFO - water phase free energy: [-2.49527213 -1.35399491 -0.56852457 -0.08936149  0.14751257  0.19353765
  0.32066948  0.44529122  0.68639811  1.13119356  1.50927239  1.78872191
  1.92132956  1.81397705  1.21965957 -0.15964418 -1.36691762 -1.66041377
 -1.73029339 -1.753141  ]
2024-12-19 15:43:52,114 - INFO - water phase free energy difference: 0.7421311289577133
2024-12-19 15:43:52,115 - INFO - main completed in 0.52s
2024-12-19 15:46:17,175 - INFO - lambdas water phase: [[(1.0, 1.0)], [(0.8, 1.0)], [(0.6, 1.0)], [(0.4, 1.0)], [(0.2, 1.0)], [(0.0, 1.0)], [(0.0, 0.975)], [(0.0, 0.95)], [(0.0, 0.9)], [(0.0, 0.8)], [(0.0, 0.7)], [(0.0, 0.6)], [(0.0, 0.5)], [(0.0, 0.4)], [(0.0, 0.3)], [(0.0, 0.2)], [(0.0, 0.1)], [(0.0, 0.05)], [(0.0, 0.025)], [(0.0, 0.0)]]
2024-12-19 15:46:17,197 - INFO - number of configurations: [5000 5000 5000 5000 5000 5000 5000 5000 5000 5000 5000 5000 5000 5000
 5000 5000 5000 5000 5000 5000]
2024-12-19 15:46:17,689 - INFO - water phase free energy computed.
2024-12-19 15:46:17,690 - INFO - water phase free energy: [-2.49527213 -1.35399491 -0.56852457 -0.08936149  0.14751257  0.19353765
  0.32066948  0.44529122  0.68639811  1.13119356  1.50927239  1.78872191
  1.92132956  1.81397705  1.21965957 -0.15964418 -1.36691762 -1.66041377
 -1.73029339 -1.753141  ]
2024-12-19 15:46:17,690 - INFO - water phase free energy difference: -0.7421311289577133
2024-12-19 15:46:17,690 - INFO - main completed in 0.52s
2024-12-19 16:27:54,061 - INFO - lambdas water phase: [[(1.0, 1.0)], [(0.8, 1.0)], [(0.6, 1.0)], [(0.4, 1.0)], [(0.2, 1.0)], [(0.0, 1.0)], [(0.0, 0.975)], [(0.0, 0.95)], [(0.0, 0.9)], [(0.0, 0.8)], [(0.0, 0.7)], [(0.0, 0.6)], [(0.0, 0.5)], [(0.0, 0.4)], [(0.0, 0.3)], [(0.0, 0.2)], [(0.0, 0.1)], [(0.0, 0.05)], [(0.0, 0.025)], [(0.0, 0.0)]]
2024-12-19 16:27:54,130 - INFO - number of configurations: [5000 5000 5000 5000 5000 5000 5000 5000 5000 5000 5000 5000 5000 5000
 5000 5000 5000 5000 5000 5000]
2024-12-19 16:27:54,657 - INFO - water phase free energy computed.
2024-12-19 16:27:54,657 - INFO - water phase free energy: [-2.5188285  -1.36740656 -0.57576839 -0.09458191  0.1422021   0.18709857
  0.31525781  0.44083927  0.68343738  1.12844302  1.50486489  1.78153161
  1.91185758  1.817692    1.23580497 -0.15064538 -1.35197796 -1.64314695
 -1.71223628 -1.73443727]
2024-12-19 16:27:54,657 - INFO - water phase free energy difference: -0.784391236422622
2024-12-19 16:27:54,657 - INFO - main completed in 0.60s
2024-12-19 17:53:00,356 - INFO - lambdas water phase: [[(1.0, 1.0)], [(0.8, 1.0)], [(0.6, 1.0)], [(0.4, 1.0)], [(0.2, 1.0)], [(0.0, 1.0)], [(0.0, 0.975)], [(0.0, 0.95)], [(0.0, 0.9)], [(0.0, 0.8)], [(0.0, 0.7)], [(0.0, 0.6)], [(0.0, 0.5)], [(0.0, 0.4)], [(0.0, 0.3)], [(0.0, 0.2)], [(0.0, 0.1)], [(0.0, 0.05)], [(0.0, 0.025)], [(0.0, 0.0)]]
2024-12-19 17:53:00,432 - INFO - number of configurations: [5000 5000 5000 5000 5000 5000 5000 5000 5000 5000 5000 5000 5000 5000
 5000 5000 5000 5000 5000 5000]
2024-12-19 17:53:01,087 - INFO - water phase free energy computed.
2024-12-19 17:53:01,087 - INFO - water phase free energy: [-6.66012407 -3.6712322  -1.6998665  -0.51198894  0.11008927  0.28763743
  0.44659324  0.60293024  0.90687631  1.47401093  1.97258163  2.37319788
  2.62723765  2.63121832  2.12199058  0.69652818 -0.63553939 -0.96366117
 -1.04170063 -1.06677875]
2024-12-19 17:53:01,087 - INFO - water phase free energy difference: -5.593345316423502
2024-12-19 17:53:01,087 - INFO - main completed in 0.73s
2024-12-19 21:23:24,269 - INFO - lambdas water phase: [[(1.0, 1.0)], [(0.8, 1.0)], [(0.6, 1.0)], [(0.4, 1.0)], [(0.2, 1.0)], [(0.0, 1.0)], [(0.0, 0.975)], [(0.0, 0.95)], [(0.0, 0.9)], [(0.0, 0.8)], [(0.0, 0.7)], [(0.0, 0.6)], [(0.0, 0.5)], [(0.0, 0.4)], [(0.0, 0.3)], [(0.0, 0.2)], [(0.0, 0.1)], [(0.0, 0.05)], [(0.0, 0.025)], [(0.0, 0.0)]]
2024-12-19 21:23:24,343 - INFO - number of configurations: [5000 5000 5000 5000 5000 5000 5000 5000 5000 5000 5000 5000 5000 5000
 5000 5000 5000 5000 5000 5000]
2024-12-19 21:23:24,866 - INFO - water phase free energy computed.
2024-12-19 21:23:24,867 - INFO - water phase free energy: [-0.72074405 -0.41356747 -0.1749692  -0.0049271   0.0958602   0.12575382
  0.23911879  0.35043347  0.56617423  0.96391075  1.2984462   1.54059561
  1.649426    1.49429094  0.7495315  -0.58679213 -1.58446989 -1.8197496
 -1.87527356 -1.89304854]
2024-12-19 21:23:24,867 - INFO - water phase free energy difference: 1.1723044920082122
2024-12-19 21:23:24,867 - INFO - main completed in 0.60s
2024-12-19 22:14:58,043 - INFO - lambdas water phase: [[(1.0, 1.0)], [(0.8, 1.0)], [(0.6, 1.0)], [(0.4, 1.0)], [(0.2, 1.0)], [(0.0, 1.0)], [(0.0, 0.975)], [(0.0, 0.95)], [(0.0, 0.9)], [(0.0, 0.8)], [(0.0, 0.7)], [(0.0, 0.6)], [(0.0, 0.5)], [(0.0, 0.4)], [(0.0, 0.3)], [(0.0, 0.2)], [(0.0, 0.1)], [(0.0, 0.05)], [(0.0, 0.025)], [(0.0, 0.0)]]
2024-12-19 22:14:58,116 - INFO - number of configurations: [5000 5000 5000 5000 5000 5000 5000 5000 5000 5000 5000 5000 5000 5000
 5000 5000 5000 5000 5000 5000]
2024-12-19 22:14:58,760 - INFO - water phase free energy computed.
2024-12-19 22:14:58,760 - INFO - water phase free energy: [-3.93445528 -3.19516232 -2.61827131 -2.20265016 -1.9505327  -1.86786287
 -1.41739162 -0.97115879 -0.09212921  1.59764801  3.16145267  4.55807537
  5.69026326  6.24554372  5.40987773  1.92540953 -1.77534096 -2.68698612
 -2.90338841 -2.97294055]
2024-12-19 22:14:58,760 - INFO - water phase free energy difference: -0.9615147276364047
2024-12-19 22:14:58,761 - INFO - main completed in 0.72s
2024-12-19 23:13:22,093 - INFO - lambdas water phase: [[(1.0, 1.0)], [(0.8, 1.0)], [(0.6, 1.0)], [(0.4, 1.0)], [(0.2, 1.0)], [(0.0, 1.0)], [(0.0, 0.975)], [(0.0, 0.95)], [(0.0, 0.9)], [(0.0, 0.8)], [(0.0, 0.7)], [(0.0, 0.6)], [(0.0, 0.5)], [(0.0, 0.4)], [(0.0, 0.3)], [(0.0, 0.2)], [(0.0, 0.1)], [(0.0, 0.05)], [(0.0, 0.025)], [(0.0, 0.0)]]
2024-12-19 23:13:22,160 - INFO - number of configurations: [5000 5000 5000 5000 5000 5000 5000 5000 5000 5000 5000 5000 5000 5000
 5000 5000 5000 5000 5000 5000]
2024-12-19 23:13:22,813 - INFO - water phase free energy computed.
2024-12-19 23:13:22,813 - INFO - water phase free energy: [-11.10771975  -6.40185771  -3.44316778  -1.65066715  -0.6987897
  -0.41274757  -0.03927086   0.32987694   1.05392345   2.4330256
   3.68371832   4.75899435   5.56192144   5.89476046   5.21696435
   2.21622061  -1.11096716  -1.94197763  -2.1394938   -2.20274642]
2024-12-19 23:13:22,813 - INFO - water phase free energy difference: -8.904973332672945
2024-12-19 23:13:22,814 - INFO - main completed in 0.72s
