2024-12-07 17:21:01,594 - ERROR - vacuum phase free energy computation failed: the sum of num_conf has to be equal to the number of columns in energy.
2024-12-07 17:21:01,607 - ERROR - water phase free energy computation failed: the sum of num_conf has to be equal to the number of columns in energy.
2024-12-07 17:21:01,607 - ERROR - Failed to compute hydration free energy
2024-12-07 17:21:01,607 - INFO - main completed in 0.05s
2024-12-07 17:23:39,080 - ERROR - vacuum phase free energy computation failed: the sum of num_conf has to be equal to the number of columns in energy.
2024-12-07 17:23:39,092 - ERROR - water phase free energy computation failed: the sum of num_conf has to be equal to the number of columns in energy.
2024-12-07 17:23:39,092 - ERROR - Failed to compute hydration free energy
2024-12-07 17:23:39,092 - INFO - main completed in 0.03s
2024-12-07 17:24:02,262 - INFO - shape of reduced potentials: (18, 5000)
2024-12-07 17:24:02,262 - INFO - number of configurations: [277 277 277 277 277 277 277 277 277 277 277 277 277 277 277 277 277 277]
2024-12-07 17:24:02,264 - ERROR - vacuum phase free energy computation failed: the sum of num_conf has to be equal to the number of columns in energy.
2024-12-07 17:24:02,275 - INFO - shape of reduced potentials: (18, 5000)
2024-12-07 17:24:02,275 - INFO - number of configurations: [277 277 277 277 277 277 277 277 277 277 277 277 277 277 277 277 277 277]
2024-12-07 17:24:02,275 - ERROR - water phase free energy computation failed: the sum of num_conf has to be equal to the number of columns in energy.
2024-12-07 17:24:02,275 - ERROR - Failed to compute hydration free energy
2024-12-07 17:24:02,275 - INFO - main completed in 0.02s
2024-12-07 17:26:16,011 - INFO - shape of reduced potentials: (18, 5000)
2024-12-07 17:26:16,011 - INFO - number of configurations: [5000 5000 5000 5000 5000 5000 5000 5000 5000 5000 5000 5000 5000 5000
 5000 5000 5000 5000]
2024-12-07 17:26:16,013 - ERROR - vacuum phase free energy computation failed: the sum of num_conf has to be equal to the number of columns in energy.
2024-12-07 17:26:16,024 - INFO - shape of reduced potentials: (18, 5000)
2024-12-07 17:26:16,024 - INFO - number of configurations: [5000 5000 5000 5000 5000 5000 5000 5000 5000 5000 5000 5000 5000 5000
 5000 5000 5000 5000]
2024-12-07 17:26:16,024 - ERROR - water phase free energy computation failed: the sum of num_conf has to be equal to the number of columns in energy.
2024-12-07 17:26:16,024 - ERROR - Failed to compute hydration free energy
2024-12-07 17:26:16,024 - INFO - main completed in 0.03s
2024-12-07 17:27:29,246 - INFO - shape of reduced potentials: (18, 5000)
2024-12-07 17:27:29,246 - INFO - number of configurations: [277 277 277 277 277 277 277 277 277 277 277 277 277 277 277 277 277 277]
2024-12-07 17:27:29,248 - ERROR - vacuum phase free energy computation failed: the sum of num_conf has to be equal to the number of columns in energy.
2024-12-07 17:27:29,260 - INFO - shape of reduced potentials: (18, 5000)
2024-12-07 17:27:29,260 - INFO - number of configurations: [277 277 277 277 277 277 277 277 277 277 277 277 277 277 277 277 277 277]
2024-12-07 17:27:29,260 - ERROR - water phase free energy computation failed: the sum of num_conf has to be equal to the number of columns in energy.
2024-12-07 17:27:29,260 - ERROR - Failed to compute hydration free energy
2024-12-07 17:27:29,260 - INFO - main completed in 0.03s
2024-12-07 17:28:06,342 - INFO - shape of reduced potentials: (18, 5000)
2024-12-07 17:28:06,343 - INFO - number of configurations: [277 277 277 277 277 277 277 277 277 277 277 277 277 277 277 277 277 277]
2024-12-07 17:28:06,344 - ERROR - vacuum phase free energy computation failed: the sum of num_conf has to be equal to the number of columns in energy.
2024-12-07 17:28:06,354 - INFO - shape of reduced potentials: (18, 5000)
2024-12-07 17:28:06,354 - INFO - number of configurations: [277 277 277 277 277 277 277 277 277 277 277 277 277 277 277 277 277 277]
2024-12-07 17:28:06,354 - ERROR - water phase free energy computation failed: the sum of num_conf has to be equal to the number of columns in energy.
2024-12-07 17:28:06,354 - ERROR - Failed to compute hydration free energy
2024-12-07 17:28:06,354 - INFO - main completed in 0.02s
2024-12-07 17:29:18,304 - INFO - shape of reduced potentials: (18, 5000)
2024-12-07 17:29:18,304 - INFO - number of configurations: [277 277 277 277 277 277 277 277 277 277 277 277 277 277 277 277 277 277]
2024-12-07 17:29:18,306 - ERROR - vacuum phase free energy computation failed: the sum of num_conf has to be equal to the number of columns in energy.
2024-12-07 17:29:18,319 - INFO - shape of reduced potentials: (18, 5000)
2024-12-07 17:29:18,319 - INFO - number of configurations: [277 277 277 277 277 277 277 277 277 277 277 277 277 277 277 277 277 277]
2024-12-07 17:29:18,320 - ERROR - water phase free energy computation failed: the sum of num_conf has to be equal to the number of columns in energy.
2024-12-07 17:29:18,320 - ERROR - Failed to compute hydration free energy
2024-12-07 17:29:18,320 - INFO - main completed in 0.03s
2024-12-07 17:31:00,725 - INFO - shape of reduced potentials: (18, 5000)
2024-12-07 17:31:00,725 - INFO - number of configurations: [278 278 278 278 278 278 278 278 278 278 278 278 278 278 277 277 277 277]
2024-12-07 17:31:01,546 - INFO - vacuum phase free energy computed.
2024-12-07 17:31:01,568 - INFO - shape of reduced potentials: (18, 5000)
2024-12-07 17:31:01,568 - INFO - number of configurations: [278 278 278 278 278 278 278 278 278 278 278 278 278 278 277 277 277 277]
2024-12-07 17:31:01,581 - INFO - water phase free energy computed.
2024-12-07 17:31:01,581 - INFO - Hydration free energy: 5.117763304920915 kcal/mol
2024-12-07 17:31:01,581 - INFO - main completed in 0.87s
2024-12-07 17:34:34,015 - INFO - shape of reduced potentials: (18, 5000)
2024-12-07 17:34:34,015 - INFO - number of configurations: 5000
2024-12-07 17:34:34,015 - ERROR - vacuum phase free energy computation failed: num_conf has to be a 1-D ndarray or a 1-D tensor.
2024-12-07 17:34:34,029 - INFO - shape of reduced potentials: (18, 5000)
2024-12-07 17:34:34,029 - INFO - number of configurations: 5000
2024-12-07 17:34:34,029 - ERROR - water phase free energy computation failed: num_conf has to be a 1-D ndarray or a 1-D tensor.
2024-12-07 17:34:34,029 - ERROR - Failed to compute hydration free energy
2024-12-07 17:34:34,029 - INFO - main completed in 0.03s
2024-12-07 18:35:25,739 - INFO - u of vacuum phase: [[21.82630767 21.15976341 19.03576421 ... 16.87553747 26.95489353
  25.93252059]
 [17.74785739 17.98180567 22.94757692 ... 20.11038147 22.08077838
  20.98648434]
 [17.74578179 22.74740557 19.18416611 ... 15.15006697 21.36653095
  23.63765144]
 ...
 [18.27956902 15.26335148 14.99557633 ... 23.87779816 16.24843603
  20.31881473]
 [14.27933338 23.63211604 24.96187423 ... 14.1501654  18.23215304
  13.47981037]
 [22.3555137  18.77941539 16.38680472 ... 19.10882844 17.50354092
  15.77189379]]
2024-12-07 18:35:25,739 - INFO - number of configurations: [277 277 277 277 277 277 277 277 277 277 277 277 277 277 277 277 277 277]
2024-12-07 18:35:25,741 - ERROR - vacuum phase free energy computation failed: the sum of num_conf has to be equal to the number of columns in energy.
2024-12-07 18:35:25,756 - INFO - u of water phase: [[-24054.91274584 -24034.86725098 -24164.16686752 ... -24072.89222804
  -23900.00653033 -23941.34987507]
 [-23975.54271283 -24050.96003588 -24051.99200843 ... -23987.66323694
  -24044.38598931 -23972.71403881]
 [-24021.81866704 -24167.4999261  -24096.52656537 ... -24088.38347446
  -24135.27416641 -24066.09293874]
 ...
 [-24129.22180785 -24181.02374287 -24087.61286153 ... -24109.88872411
  -24176.63542611 -24046.11989827]
 [-24014.99839753 -24127.37575865 -23955.58220667 ... -23923.93387365
  -24025.14093261 -24149.43196817]
 [-24111.5337592  -24060.00046528 -24051.39324116 ... -23998.8153477
  -24141.91214068 -24024.40387587]]
2024-12-07 18:35:25,756 - INFO - number of configurations: [277 277 277 277 277 277 277 277 277 277 277 277 277 277 277 277 277 277]
2024-12-07 18:35:25,756 - ERROR - water phase free energy computation failed: the sum of num_conf has to be equal to the number of columns in energy.
2024-12-07 18:35:25,756 - ERROR - Failed to compute hydration free energy
2024-12-07 18:35:25,756 - INFO - main completed in 0.03s
2024-12-07 18:36:38,009 - INFO - u of vacuum phase: [[21.82630767 21.15976341 19.03576421 ... 16.87553747 26.95489353
  25.93252059]
 [17.74785739 17.98180567 22.94757692 ... 20.11038147 22.08077838
  20.98648434]
 [17.74578179 22.74740557 19.18416611 ... 15.15006697 21.36653095
  23.63765144]
 ...
 [18.27956902 15.26335148 14.99557633 ... 23.87779816 16.24843603
  20.31881473]
 [14.27933338 23.63211604 24.96187423 ... 14.1501654  18.23215304
  13.47981037]
 [22.3555137  18.77941539 16.38680472 ... 19.10882844 17.50354092
  15.77189379]]
2024-12-07 18:36:38,009 - INFO - u shape of vacuum phase: (18, 5000)
2024-12-07 18:36:38,009 - INFO - number of configurations: [277 277 277 277 277 277 277 277 277 277 277 277 277 277 277 277 277 277]
2024-12-07 18:36:38,011 - ERROR - vacuum phase free energy computation failed: the sum of num_conf has to be equal to the number of columns in energy.
2024-12-07 18:36:38,023 - INFO - u of water phase: [[-24054.91274584 -24034.86725098 -24164.16686752 ... -24072.89222804
  -23900.00653033 -23941.34987507]
 [-23975.54271283 -24050.96003588 -24051.99200843 ... -23987.66323694
  -24044.38598931 -23972.71403881]
 [-24021.81866704 -24167.4999261  -24096.52656537 ... -24088.38347446
  -24135.27416641 -24066.09293874]
 ...
 [-24129.22180785 -24181.02374287 -24087.61286153 ... -24109.88872411
  -24176.63542611 -24046.11989827]
 [-24014.99839753 -24127.37575865 -23955.58220667 ... -23923.93387365
  -24025.14093261 -24149.43196817]
 [-24111.5337592  -24060.00046528 -24051.39324116 ... -23998.8153477
  -24141.91214068 -24024.40387587]]
2024-12-07 18:36:38,023 - INFO - u shape of water phase: (18, 5000)
2024-12-07 18:36:38,023 - INFO - number of configurations: [277 277 277 277 277 277 277 277 277 277 277 277 277 277 277 277 277 277]
2024-12-07 18:36:38,023 - ERROR - water phase free energy computation failed: the sum of num_conf has to be equal to the number of columns in energy.
2024-12-07 18:36:38,023 - ERROR - Failed to compute hydration free energy
2024-12-07 18:36:38,023 - INFO - main completed in 0.02s
2024-12-07 18:39:21,681 - INFO - 1st u of vacuum phase: [21.82630767 21.15976341 19.03576421 ... 16.87553747 26.95489353
 25.93252059]
2024-12-07 18:39:21,681 - INFO - u shape of vacuum phase: (18, 5000)
2024-12-07 18:39:21,681 - INFO - number of configurations: [277 277 277 277 277 277 277 277 277 277 277 277 277 277 277 277 277 277]
2024-12-07 18:39:21,683 - ERROR - vacuum phase free energy computation failed: the sum of num_conf has to be equal to the number of columns in energy.
2024-12-07 18:39:21,703 - INFO - 1st u of water phase: [-24054.91274584 -24034.86725098 -24164.16686752 ... -24072.89222804
 -23900.00653033 -23941.34987507]
2024-12-07 18:39:21,703 - INFO - u shape of water phase: (18, 5000)
2024-12-07 18:39:21,703 - INFO - number of configurations: [277 277 277 277 277 277 277 277 277 277 277 277 277 277 277 277 277 277]
2024-12-07 18:39:21,703 - ERROR - water phase free energy computation failed: the sum of num_conf has to be equal to the number of columns in energy.
2024-12-07 18:39:21,703 - ERROR - Failed to compute hydration free energy
2024-12-07 18:39:21,703 - INFO - main completed in 0.04s
2024-12-07 18:57:16,975 - INFO - 1st u of vacuum phase: [21.82630767 21.15976341 19.03576421 ... 16.87553747 26.95489353
 25.93252059]
2024-12-07 18:57:16,975 - INFO - u shape of vacuum phase: (18, 5000)
2024-12-07 18:57:16,975 - INFO - number of configurations: [277 277 277 277 277 277 277 277 277 277 277 277 277 277 277 277 277 277]
2024-12-07 18:57:17,377 - INFO - vacuum phase free energy computed.
2024-12-07 18:57:17,377 - INFO - vacuum phase free energy: [ 2.07247797  1.22779174  0.50463937 -0.00782505 -0.28337799 -0.39808614
 -0.34114481 -0.32775544 -0.26750837 -0.26775149 -0.27551085 -0.24365557
 -0.23413751 -0.19426542 -0.22026428 -0.24466571 -0.22723758 -0.27172287]
2024-12-07 18:57:17,391 - INFO - 1st u of water phase: [-24054.91274584 -24034.86725098 -24164.16686752 ... -24072.89222804
 -23900.00653033 -23941.34987507]
2024-12-07 18:57:17,391 - INFO - u shape of water phase: (18, 5000)
2024-12-07 18:57:17,391 - INFO - number of configurations: [277 277 277 277 277 277 277 277 277 277 277 277 277 277 277 277 277 277]
2024-12-07 18:57:17,403 - INFO - water phase free energy computed.
2024-12-07 18:57:17,404 - INFO - water phase free energy: [-2.2599602  -2.53025055 -6.38098557 -3.02270897 -0.03393897 -4.20417701
 -1.89976768 -2.61455564 -0.96681824  1.93502447  3.01564602  1.47918364
  6.43500662  2.12776662  1.9790256   2.68601339  3.6406585   0.61483798]
2024-12-07 18:57:17,404 - INFO - Hydration free energy: 5.218999020557247 kcal/mol
2024-12-07 18:57:17,404 - INFO - main completed in 0.44s
2024-12-07 19:00:41,199 - INFO - 1st u of vacuum phase: [21.82630767 21.15976341 19.03576421 ... 16.87553747 26.95489353
 25.93252059]
2024-12-07 19:00:41,199 - INFO - u shape of vacuum phase: (18, 5000)
2024-12-07 19:00:41,199 - INFO - number of configurations: [277 277 277 277 277 277 277 277 277 277 277 277 277 277 277 277 277 277]
2024-12-07 19:00:41,589 - INFO - vacuum phase free energy computed.
2024-12-07 19:00:41,590 - INFO - vacuum phase free energy: [ 2.07247797  1.22779174  0.50463937 -0.00782505 -0.28337799 -0.39808614
 -0.34114481 -0.32775544 -0.26750837 -0.26775149 -0.27551085 -0.24365557
 -0.23413751 -0.19426542 -0.22026428 -0.24466571 -0.22723758 -0.27172287]
2024-12-07 19:00:41,604 - INFO - 1st u of water phase: [-24054.91274584 -24034.86725098 -24164.16686752 ... -24072.89222804
 -23900.00653033 -23941.34987507]
2024-12-07 19:00:41,604 - INFO - u shape of water phase: (18, 5000)
2024-12-07 19:00:41,604 - INFO - number of configurations: [277 277 277 277 277 277 277 277 277 277 277 277 277 277 277 277 277 277]
2024-12-07 19:00:41,617 - INFO - water phase free energy computed.
2024-12-07 19:00:41,617 - INFO - water phase free energy: [-2.2599602  -2.53025055 -6.38098557 -3.02270897 -0.03393897 -4.20417701
 -1.89976768 -2.61455564 -0.96681824  1.93502447  3.01564602  1.47918364
  6.43500662  2.12776662  1.9790256   2.68601339  3.6406585   0.61483798]
2024-12-07 19:00:41,617 - INFO - Hydration free energy: 10.345428082135422 kcal/mol
2024-12-07 19:00:41,617 - INFO - main completed in 0.43s
2024-12-07 19:06:22,474 - INFO - 1st u of vacuum phase: [21.82630767 21.15976341 19.03576421 ... 16.87553747 26.95489353
 25.93252059]
2024-12-07 19:06:22,474 - INFO - u shape of vacuum phase: (18, 5000)
2024-12-07 19:06:22,475 - INFO - number of configurations: [277 277 277 277 277 277 277 277 277 277 277 277 277 277 277 277 277 277]
2024-12-07 19:06:22,854 - INFO - vacuum phase free energy computed.
2024-12-07 19:06:22,854 - INFO - vacuum phase free energy: [ 2.07247797  1.22779174  0.50463937 -0.00782505 -0.28337799 -0.39808614
 -0.34114481 -0.32775544 -0.26750837 -0.26775149 -0.27551085 -0.24365557
 -0.23413751 -0.19426542 -0.22026428 -0.24466571 -0.22723758 -0.27172287]
2024-12-07 19:06:22,867 - INFO - 1st u of water phase: [-24054.91274584 -24034.86725098 -24164.16686752 ... -24072.89222804
 -23900.00653033 -23941.34987507]
2024-12-07 19:06:22,867 - INFO - u shape of water phase: (18, 5000)
2024-12-07 19:06:22,867 - INFO - number of configurations: [277 277 277 277 277 277 277 277 277 277 277 277 277 277 277 277 277 277]
2024-12-07 19:06:22,880 - INFO - water phase free energy computed.
2024-12-07 19:06:22,880 - INFO - water phase free energy: [-2.2599602  -2.53025055 -6.38098557 -3.02270897 -0.03393897 -4.20417701
 -1.89976768 -2.61455564 -0.96681824  1.93502447  3.01564602  1.47918364
  6.43500662  2.12776662  1.9790256   2.68601339  3.6406585   0.61483798]
2024-12-07 19:06:22,880 - INFO - Water phase free energy: [-6.38098557 -4.20417701 -3.02270897 -2.61455564 -2.53025055 -2.2599602
 -1.89976768 -0.96681824 -0.03393897  0.61483798  1.47918364  1.93502447
  1.9790256   2.12776662  2.68601339  3.01564602  3.6406585   6.43500662]
2024-12-07 19:06:22,881 - INFO - Vacuum phase free energy: [-0.39808614 -0.34114481 -0.32775544 -0.28337799 -0.27551085 -0.27172287
 -0.26775149 -0.26750837 -0.24466571 -0.24365557 -0.23413751 -0.22723758
 -0.22026428 -0.19426542 -0.00782505  0.50463937  1.22779174  2.07247797]
2024-12-07 19:06:22,881 - INFO - Hydration free energy: 10.345428082135422 kcal/mol
2024-12-07 19:06:22,881 - INFO - main completed in 0.42s
2024-12-09 09:42:34,101 - INFO - 1st u of vacuum phase: [21.82630767 21.15976341 19.03576421 ... 16.87553747 26.95489353
 25.93252059]
2024-12-09 09:42:34,101 - INFO - u shape of vacuum phase: (18, 5000)
2024-12-09 09:42:34,101 - INFO - number of configurations: [277 277 277 277 277 277 277 277 277 277 277 277 277 277 277 277 277 277]
2024-12-09 09:42:35,527 - INFO - vacuum phase free energy computed.
2024-12-09 09:42:35,527 - INFO - vacuum phase free energy: [ 2.07247797  1.22779174  0.50463937 -0.00782505 -0.28337799 -0.39808614
 -0.34114481 -0.32775544 -0.26750837 -0.26775149 -0.27551085 -0.24365557
 -0.23413751 -0.19426542 -0.22026428 -0.24466571 -0.22723758 -0.27172287]
2024-12-09 09:42:35,587 - INFO - 1st u of water phase: [-24054.91274584 -24034.86725098 -24164.16686752 ... -24072.89222804
 -23900.00653033 -23941.34987507]
2024-12-09 09:42:35,587 - INFO - u shape of water phase: (18, 5000)
2024-12-09 09:42:35,587 - INFO - number of configurations: [277 277 277 277 277 277 277 277 277 277 277 277 277 277 277 277 277 277]
2024-12-09 09:42:35,600 - INFO - water phase free energy computed.
2024-12-09 09:42:35,600 - INFO - water phase free energy: [-2.2599602  -2.53025055 -6.38098557 -3.02270897 -0.03393897 -4.20417701
 -1.89976768 -2.61455564 -0.96681824  1.93502447  3.01564602  1.47918364
  6.43500662  2.12776662  1.9790256   2.68601339  3.6406585   0.61483798]
2024-12-09 09:42:35,600 - INFO - Water phase free energy: [-2.2599602  -2.53025055 -6.38098557 -3.02270897 -0.03393897 -4.20417701
 -1.89976768 -2.61455564 -0.96681824  1.93502447  3.01564602  1.47918364
  6.43500662  2.12776662  1.9790256   2.68601339  3.6406585   0.61483798]
2024-12-09 09:42:35,600 - INFO - Vacuum phase free energy: [ 2.07247797  1.22779174  0.50463937 -0.00782505 -0.28337799 -0.39808614
 -0.34114481 -0.32775544 -0.26750837 -0.26775149 -0.27551085 -0.24365557
 -0.23413751 -0.19426542 -0.22026428 -0.24466571 -0.22723758 -0.27172287]
2024-12-09 09:42:35,600 - INFO - Hydration free energy: 5.218999020557247 kcal/mol
2024-12-09 09:42:35,600 - INFO - main completed in 1.56s
2024-12-09 11:31:41,637 - ERROR - reduced potential file not found: output/vacuum_phase/reduced_potentials/0.00_0.03.pkl
2024-12-09 11:31:41,685 - ERROR - reduced potential file not found: output/water_phase/reduced_potentials/0.00_0.03.pkl
2024-12-09 11:31:41,685 - ERROR - Failed to compute hydration free energy
2024-12-09 11:31:41,685 - INFO - main completed in 0.10s
2024-12-09 11:32:17,277 - ERROR - reduced potential file not found: output/vacuum_phase/reduced_potentials/0.00_0.03.pkl
2024-12-09 11:32:17,298 - ERROR - reduced potential file not found: output/water_phase/reduced_potentials/0.00_0.03.pkl
2024-12-09 11:32:17,298 - ERROR - Failed to compute hydration free energy
2024-12-09 11:32:17,298 - INFO - main completed in 0.04s
2024-12-09 11:37:59,023 - INFO - 1st u of vacuum phase: [21.5892099  23.53686825 24.30996968 ... 21.24812725 20.42360958
 17.35653381]
2024-12-09 11:37:59,023 - INFO - u shape of vacuum phase: (20, 5000)
2024-12-09 11:37:59,023 - INFO - number of configurations: [250 250 250 250 250 250 250 250 250 250 250 250 250 250 250 250 250 250
 250 250]
2024-12-09 11:37:59,771 - INFO - vacuum phase free energy computed.
2024-12-09 11:37:59,772 - INFO - vacuum phase free energy: [ 2.15912942  1.26408825  0.56996299  0.1301416  -0.30752836 -0.37962687
 -0.31965506 -0.32358196 -0.38180882 -0.26836078 -0.24544362 -0.26655609
 -0.22467023 -0.18303787 -0.17587784 -0.18818524 -0.23435122 -0.20019199
 -0.20991397 -0.21453232]
2024-12-09 11:37:59,824 - INFO - 1st u of water phase: [-24096.88252803 -23898.5554802  -24106.3420614  ... -24115.20297555
 -24176.38389825 -23918.95425006]
2024-12-09 11:37:59,824 - INFO - u shape of water phase: (20, 5000)
2024-12-09 11:37:59,824 - INFO - number of configurations: [250 250 250 250 250 250 250 250 250 250 250 250 250 250 250 250 250 250
 250 250]
2024-12-09 11:37:59,839 - INFO - water phase free energy computed.
2024-12-09 11:37:59,839 - INFO - water phase free energy: [-1.03652392 -0.6519871   0.08397175 -1.65048931 -5.21232966 -4.7106146
 -5.80131699  0.5686601  -2.64944206  0.60566074  0.98856336  4.42222693
  2.86867622  1.93737864  0.12526506 -1.887348    8.08108155  4.42695601
  2.80823129 -3.31662001]
2024-12-09 11:37:59,839 - INFO - Water phase free energy: [-1.03652392 -0.6519871   0.08397175 -1.65048931 -5.21232966 -4.7106146
 -5.80131699  0.5686601  -2.64944206  0.60566074  0.98856336  4.42222693
  2.86867622  1.93737864  0.12526506 -1.887348    8.08108155  4.42695601
  2.80823129 -3.31662001]
2024-12-09 11:37:59,839 - INFO - Vacuum phase free energy: [ 2.15912942  1.26408825  0.56996299  0.1301416  -0.30752836 -0.37962687
 -0.31965506 -0.32358196 -0.38180882 -0.26836078 -0.24544362 -0.26655609
 -0.22467023 -0.18303787 -0.17587784 -0.18818524 -0.23435122 -0.20019199
 -0.20991397 -0.21453232]
2024-12-09 11:37:59,839 - INFO - Hydration free energy: 0.09356565542644146 kcal/mol
2024-12-09 11:37:59,839 - INFO - main completed in 0.87s
2024-12-09 12:23:17,233 - INFO - 1st u of vacuum phase: [25.81977885 20.02402086 24.06078374 ... 17.105351   17.9142424
 23.94672631]
2024-12-09 12:23:17,234 - INFO - u shape of vacuum phase: (20, 5000)
2024-12-09 12:23:17,234 - INFO - number of configurations: [250 250 250 250 250 250 250 250 250 250 250 250 250 250 250 250 250 250
 250 250]
2024-12-09 12:23:17,633 - INFO - vacuum phase free energy computed.
2024-12-09 12:23:17,634 - INFO - vacuum phase free energy: [ 2.22785638  1.37082524  0.59598886  0.15317681 -0.15411708 -0.24258795
 -0.29631137 -0.29986813 -0.27095218 -0.20701194 -0.31021727 -0.27195316
 -0.27785427 -0.33496083 -0.28146853 -0.2750641  -0.23890026 -0.28137292
 -0.27950172 -0.32570557]
2024-12-09 12:23:17,701 - INFO - 1st u of water phase: [-24122.85163622 -24059.48495468 -24110.21648317 ... -24006.51626873
 -24098.49217568 -24099.03897074]
2024-12-09 12:23:17,701 - INFO - u shape of water phase: (20, 5000)
2024-12-09 12:23:17,701 - INFO - number of configurations: [250 250 250 250 250 250 250 250 250 250 250 250 250 250 250 250 250 250
 250 250]
2024-12-09 12:23:17,714 - INFO - water phase free energy computed.
2024-12-09 12:23:17,715 - INFO - water phase free energy: [-3.1433963   1.02923478 -4.84009664  2.7784255   1.5666889  -0.16626751
 -1.77993575 -1.88078229 -1.43999817  0.85212792  0.56612074  1.49851271
  0.59157701  4.932007   -2.07278491  1.85380989 -0.21412394  2.85056342
 -1.57673735 -1.404945  ]
2024-12-09 12:23:17,715 - INFO - Water phase free energy: [-3.1433963   1.02923478 -4.84009664  2.7784255   1.5666889  -0.16626751
 -1.77993575 -1.88078229 -1.43999817  0.85212792  0.56612074  1.49851271
  0.59157701  4.932007   -2.07278491  1.85380989 -0.21412394  2.85056342
 -1.57673735 -1.404945  ]
2024-12-09 12:23:17,715 - INFO - Vacuum phase free energy: [ 2.22785638  1.37082524  0.59598886  0.15317681 -0.15411708 -0.24258795
 -0.29631137 -0.29986813 -0.27095218 -0.20701194 -0.31021727 -0.27195316
 -0.27785427 -0.33496083 -0.28146853 -0.2750641  -0.23890026 -0.28137292
 -0.27950172 -0.32570557]
2024-12-09 12:23:17,715 - INFO - Hydration free energy: 4.29201324459393 kcal/mol
2024-12-09 12:23:17,715 - INFO - main completed in 0.56s
2024-12-09 13:58:11,320 - INFO - number of configurations: [250 250 250 250 250 250 250 250 250 250 250 250 250 250 250 250 250 250
 250 250]
2024-12-09 13:58:11,727 - INFO - vacuum phase free energy computed.
2024-12-09 13:58:11,727 - INFO - vacuum phase free energy: [ 2.24145796  1.39519277  0.61530015  0.13707283 -0.26780155 -0.17115274
 -0.33235828 -0.34055124 -0.24197394 -0.27640023 -0.29367021 -0.26998222
 -0.273194   -0.2116205  -0.2705719  -0.33862972 -0.30227261 -0.23948026
 -0.27082961 -0.28853467]
2024-12-09 13:58:11,763 - INFO - number of configurations: [250 250 250 250 250 250 250 250 250 250 250 250 250 250 250 250 250 250
 250 250]
2024-12-09 13:58:11,777 - INFO - water phase free energy computed.
2024-12-09 13:58:11,778 - INFO - water phase free energy: [ -9.31098548  -9.80442803  -2.07344457  -6.11102357  -6.10473318
  -7.8200629  -10.63309226  -8.97242414  -3.19885139   0.88192167
   1.75901427   3.57160486   8.62814277   2.01084559   6.78481855
   5.26975505   6.76204384   8.46954558   8.75209459  11.13925877]
2024-12-09 13:58:11,778 - INFO - Hydration free energy: 22.980236868510854 kcal/mol
2024-12-09 13:58:11,778 - INFO - main completed in 0.49s
2024-12-10 12:38:32,311 - INFO - number of configurations: [5000 5000 5000 5000 5000 5000 5000 5000 5000 5000 5000 5000 5000 5000
 5000 5000 5000 5000 5000 5000]
2024-12-10 12:38:32,324 - ERROR - vacuum phase free energy computation failed: the sum of num_conf has to be equal to the number of columns in energy.
2024-12-10 12:38:32,370 - INFO - number of configurations: [5000 5000 5000 5000 5000 5000 5000 5000 5000 5000 5000 5000 5000 5000
 5000 5000 5000 5000 5000 5000]
2024-12-10 12:38:32,370 - ERROR - water phase free energy computation failed: the sum of num_conf has to be equal to the number of columns in energy.
2024-12-10 12:38:32,370 - ERROR - Failed to compute hydration free energy
2024-12-10 12:38:32,370 - INFO - main completed in 0.10s
2024-12-10 12:40:38,896 - INFO - number of configurations: [250 250 250 250 250 250 250 250 250 250 250 250 250 250 250 250 250 250
 250 250]
2024-12-10 12:40:39,263 - INFO - vacuum phase free energy computed.
2024-12-10 12:40:39,263 - INFO - vacuum phase free energy: [ 2.06907676  1.09805698  0.38181848 -0.07698307 -0.40398028 -0.47185034
 -0.37003871 -0.40399682 -0.24301889 -0.19141807 -0.15724373 -0.13855454
 -0.09228686 -0.13975007 -0.14852566 -0.10561173 -0.15442441 -0.13286692
 -0.15286004 -0.16554206]
2024-12-10 12:40:39,277 - INFO - number of configurations: [250 250 250 250 250 250 250 250 250 250 250 250 250 250 250 250 250 250
 250 250]
2024-12-10 12:40:39,290 - INFO - water phase free energy computed.
2024-12-10 12:40:39,290 - INFO - water phase free energy: [-3.58876361 -2.56143554 -4.04454606 -0.93920732 -5.77763126 -3.15101951
 -1.72603669 -3.99593652  0.74681137  0.90659125  5.32598737  4.20488465
  2.26369656  2.83497418  1.49871663  3.32717589 -5.25645837  0.27470966
  1.44016088  8.21732644]
2024-12-10 12:40:39,291 - INFO - Hydration free energy: 14.04070887059798 kcal/mol
2024-12-10 12:40:39,291 - INFO - main completed in 0.41s
2024-12-11 23:19:08,797 - INFO - number of configurations: [250 250 250 250 250 250 250 250 250 250 250 250 250 250 250 250 250 250
 250 250]
2024-12-11 23:19:09,249 - INFO - vacuum phase free energy computed.
2024-12-11 23:19:09,250 - INFO - vacuum phase free energy: [ 1.89745038  0.99897937  0.35843927 -0.14146224 -0.38512447 -0.48748291
 -0.41513805 -0.36813348 -0.28150326 -0.12766729 -0.0807327  -0.08010646
 -0.04045694 -0.12188667 -0.11700442 -0.0692827  -0.12279863 -0.16571018
 -0.11436799 -0.13601063]
2024-12-11 23:19:09,295 - INFO - number of configurations: [250 250 250 250 250 250 250 250 250 250 250 250 250 250 250 250 250 250
 250 250]
2024-12-11 23:19:09,311 - INFO - water phase free energy computed.
2024-12-11 23:19:09,311 - INFO - water phase free energy: [-5.2275737  -4.90175611 -1.36231512 -4.43062337 -2.70166749 -1.40645205
 -7.05701498  2.54393422 -1.01311086 -0.73965554  2.21157067 -0.21866249
  3.26554713  2.22544935  1.64678157 -0.1998483   3.01334984  3.13491387
  2.41082005  8.8063133 ]
2024-12-11 23:19:09,311 - INFO - Hydration free energy: 16.067348002012647 kcal/mol
2024-12-11 23:19:09,311 - INFO - main completed in 0.60s
2024-12-12 11:32:14,244 - INFO - number of configurations: [250 250 250 250 250 250 250 250 250 250 250 250 250 250 250 250 250 250
 250 250]
2024-12-12 11:32:15,125 - INFO - vacuum phase free energy computed.
2024-12-12 11:32:15,126 - INFO - vacuum phase free energy: [ 4.24763029  3.43061545  2.70591024  2.25100502  1.94378348  1.86016183
  0.68762355 -0.13655625 -1.14903044 -1.60186858 -1.51132171 -1.40969999
 -1.48997753 -1.36893947 -1.37984258 -1.37359405 -1.47472674 -1.42974922
 -1.42802829 -1.37339501]
2024-12-12 11:32:15,185 - INFO - number of configurations: [250 250 250 250 250 250 250 250 250 250 250 250 250 250 250 250 250 250
 250 250]
2024-12-12 11:32:15,199 - INFO - water phase free energy computed.
2024-12-12 11:32:15,199 - INFO - water phase free energy: [-0.47559823  0.94302093  0.77048187  5.88309851 -3.11972966 -3.50454993
 -0.97611536 -4.84909069 -1.16297689 -1.61429431  0.40084537  1.46199262
  1.55133599  2.28636648 -0.14767364  2.85417667  2.0950439   1.57138465
 -2.06366087 -1.90405739]
2024-12-12 11:32:15,199 - INFO - Hydration free energy: 4.1925661301721355 kcal/mol
2024-12-12 11:32:15,199 - INFO - main completed in 0.98s
2024-12-12 11:35:39,042 - INFO - number of configurations: 5000
2024-12-12 11:35:39,042 - ERROR - vacuum phase free energy computation failed: num_conf has to be a 1-D ndarray or a 1-D tensor.
2024-12-12 11:35:39,058 - INFO - number of configurations: 5000
2024-12-12 11:35:39,058 - ERROR - water phase free energy computation failed: num_conf has to be a 1-D ndarray or a 1-D tensor.
2024-12-12 11:35:39,059 - ERROR - Failed to compute hydration free energy
2024-12-12 11:35:39,059 - INFO - main completed in 0.04s
2024-12-12 11:36:34,355 - INFO - number of configurations: 5000
2024-12-12 11:36:34,355 - ERROR - vacuum phase free energy computation failed: num_conf has to be a 1-D ndarray or a 1-D tensor.
2024-12-12 11:36:34,375 - INFO - number of configurations: 5000
2024-12-12 11:36:34,375 - ERROR - water phase free energy computation failed: num_conf has to be a 1-D ndarray or a 1-D tensor.
2024-12-12 11:36:34,375 - ERROR - Failed to compute hydration free energy
2024-12-12 11:36:34,375 - INFO - main completed in 0.05s
2024-12-12 11:38:08,841 - INFO - number of configurations: 100000
2024-12-12 11:38:08,842 - ERROR - vacuum phase free energy computation failed: num_conf has to be a 1-D ndarray or a 1-D tensor.
2024-12-12 11:38:08,855 - INFO - number of configurations: 100000
2024-12-12 11:38:08,855 - ERROR - water phase free energy computation failed: num_conf has to be a 1-D ndarray or a 1-D tensor.
2024-12-12 11:38:08,855 - ERROR - Failed to compute hydration free energy
2024-12-12 11:38:08,856 - INFO - main completed in 0.03s
2024-12-12 11:38:34,833 - INFO - number of configurations: [5000 5000 5000 5000 5000 5000 5000 5000 5000 5000 5000 5000 5000 5000
 5000 5000 5000 5000 5000 5000]
2024-12-12 11:38:34,846 - ERROR - vacuum phase free energy computation failed: the sum of num_conf has to be equal to the number of columns in energy.
2024-12-12 11:38:34,875 - INFO - number of configurations: [5000 5000 5000 5000 5000 5000 5000 5000 5000 5000 5000 5000 5000 5000
 5000 5000 5000 5000 5000 5000]
2024-12-12 11:38:34,875 - ERROR - water phase free energy computation failed: the sum of num_conf has to be equal to the number of columns in energy.
2024-12-12 11:38:34,875 - ERROR - Failed to compute hydration free energy
2024-12-12 11:38:34,875 - INFO - main completed in 0.07s
2024-12-12 23:47:24,898 - INFO - number of configurations: [5000 5000 5000 5000 5000 5000 5000 5000 5000 5000 5000 5000 5000 5000
 5000 5000 5000 5000 5000 5000]
2024-12-12 23:47:24,900 - ERROR - vacuum phase free energy computation failed: the sum of num_conf has to be equal to the number of columns in energy.
2024-12-12 23:47:24,931 - INFO - number of configurations: [5000 5000 5000 5000 5000 5000 5000 5000 5000 5000 5000 5000 5000 5000
 5000 5000 5000 5000 5000 5000]
2024-12-12 23:47:24,931 - ERROR - water phase free energy computation failed: the sum of num_conf has to be equal to the number of columns in energy.
2024-12-12 23:47:24,931 - ERROR - Failed to compute hydration free energy
2024-12-12 23:47:24,931 - INFO - main completed in 0.06s
2024-12-12 23:48:14,336 - INFO - number of configurations: [250 250 250 250 250 250 250 250 250 250 250 250 250 250 250 250 250 250
 250 250]
2024-12-12 23:48:14,782 - INFO - vacuum phase free energy computed.
2024-12-12 23:48:14,783 - INFO - vacuum phase free energy: [ 2.47519937  1.50697662  0.98442916  0.33966806 -0.78599476 -0.50492815
  0.0593677  -0.34187965 -0.01349558 -0.81235464  0.15127575  0.14385525
 -0.41032941  0.06956306 -0.30887895 -0.14756253  0.09697286 -0.77287646
 -0.79777551 -0.9312322 ]
2024-12-12 23:48:14,794 - INFO - number of configurations: [250 250 250 250 250 250 250 250 250 250 250 250 250 250 250 250 250 250
 250 250]
2024-12-12 23:48:14,806 - INFO - water phase free energy computed.
2024-12-12 23:48:14,806 - INFO - water phase free energy: [-2.8790975  -0.57541758 -1.89882088 -1.53935154  1.28824419 -0.68103464
 -6.01512439 -4.44851892  0.38905042  1.54638262  1.31326728  3.11124755
  6.12620206  4.8862971   4.65638063 -1.15573829 -1.88232704 -0.91207703
 -2.69037471  1.36081069]
2024-12-12 23:48:14,806 - INFO - Hydration free energy: 7.646339759721792 kcal/mol
2024-12-12 23:48:14,807 - INFO - main completed in 0.48s
2024-12-13 11:17:15,124 - INFO - number of configurations: [250 250 250 250 250 250 250 250 250 250 250 250 250 250 250 250 250 250
 250 250]
2024-12-13 11:17:15,566 - INFO - vacuum phase free energy computed.
2024-12-13 11:17:15,566 - INFO - vacuum phase free energy: [ 2.60048375  1.71992047  0.51263618  0.03606122 -0.78081816 -0.75978074
 -0.37372627 -0.38534279 -0.08430576  0.19176768  0.03859041 -0.74347691
 -0.35190263 -0.79552545  0.04155241  0.21501425 -0.47566924  0.21519575
 -0.59652781 -0.22414636]
2024-12-13 11:17:15,606 - INFO - number of configurations: [250 250 250 250 250 250 250 250 250 250 250 250 250 250 250 250 250 250
 250 250]
2024-12-13 11:17:15,619 - INFO - water phase free energy computed.
2024-12-13 11:17:15,619 - INFO - water phase free energy: [-4.18763335 -3.47597186 -4.59616063 -1.05734477  0.92437107 -0.27954202
 -3.04619136  0.1430277   1.08528164  3.63992626  2.45567162  0.80147836
  5.11696527  3.50309443  4.80289426  0.24212565  2.02364194 -4.32982649
 -2.32322695 -1.44258078]
2024-12-13 11:17:15,619 - INFO - Hydration free energy: 5.569682683910864 kcal/mol
2024-12-13 11:17:15,619 - INFO - main completed in 0.53s
2024-12-13 14:47:12,529 - INFO - number of configurations: [5000 5000 5000 5000 5000 5000 5000 5000 5000 5000 5000 5000 5000 5000
 5000 5000 5000 5000 5000 5000]
2024-12-13 14:47:12,530 - ERROR - vacuum phase free energy computation failed: the sum of num_conf has to be equal to the number of columns in energy.
2024-12-13 14:47:12,547 - INFO - number of configurations: [5000 5000 5000 5000 5000 5000 5000 5000 5000 5000 5000 5000 5000 5000
 5000 5000 5000 5000 5000 5000]
2024-12-13 14:47:12,547 - ERROR - water phase free energy computation failed: the sum of num_conf has to be equal to the number of columns in energy.
2024-12-13 14:47:12,547 - ERROR - Failed to compute hydration free energy
2024-12-13 14:47:12,547 - INFO - main completed in 0.04s
2024-12-13 15:59:18,856 - INFO - number of configurations: [250 250 250 250 250 250 250 250 250 250 250 250 250 250 250 250 250 250
 250 250]
2024-12-13 15:59:19,233 - INFO - vacuum phase free energy computed.
2024-12-13 15:59:19,233 - INFO - vacuum phase free energy: [ 2.23276392  1.79542046  0.3796031   0.05857993 -0.60557562 -0.67990484
 -0.48660754 -0.05275287 -0.14895053 -0.70322059 -0.33938664 -0.52240624
  0.28399499  0.18216668  0.13302635 -0.52790505 -0.56090536  0.12962962
 -0.34039339 -0.22717638]
2024-12-13 15:59:19,268 - INFO - number of configurations: [250 250 250 250 250 250 250 250 250 250 250 250 250 250 250 250 250 250
 250 250]
2024-12-13 15:59:19,280 - INFO - water phase free energy computed.
2024-12-13 15:59:19,280 - INFO - water phase free energy: [-4.18352989  1.41759175 -1.38574554 -0.87749054 -3.14223809 -5.76310805
 -0.46661462 -4.44861986 -1.08292501  1.68604403  0.07044685  4.10557489
  7.71091007  5.59842456  2.99630712  1.85168964  0.75606116 -4.28479206
 -0.75695223  0.19896583]
2024-12-13 15:59:19,280 - INFO - Hydration free energy: 6.84243602813104 kcal/mol
2024-12-13 15:59:19,280 - INFO - main completed in 0.45s
2024-12-13 18:10:22,462 - INFO - number of configurations: [250 250 250 250 250 250 250 250 250 250 250 250 250 250 250 250 250 250
 250 250]
2024-12-13 18:10:22,961 - INFO - vacuum phase free energy computed.
2024-12-13 18:10:22,962 - INFO - vacuum phase free energy: [ 2.15524094  1.2340914   0.55915523  0.0866132  -0.21764877 -0.31102666
 -0.26473638 -0.22598864 -0.27201149 -0.23204075 -0.23854026 -0.24231027
 -0.30329477 -0.22117804 -0.29416333 -0.19047841 -0.28777563 -0.2266253
 -0.26550972 -0.24177236]
2024-12-13 18:10:23,005 - INFO - number of configurations: [250 250 250 250 250 250 250 250 250 250 250 250 250 250 250 250 250 250
 250 250]
2024-12-13 18:10:23,020 - INFO - water phase free energy computed.
2024-12-13 18:10:23,020 - INFO - water phase free energy: [-5.23344505 -4.75081143 -4.51048007 -1.42824854 -4.19559624 -0.64389299
 -2.97177416  3.33469503 -5.6982975   0.46249661  4.81408008  6.06439386
  8.18536949  1.83223262  1.56804675  0.88739758  0.5284867   0.7441989
 -0.07261152  1.08375985]
2024-12-13 18:10:23,020 - INFO - Hydration free energy: 8.71421820348501 kcal/mol
2024-12-13 18:10:23,020 - INFO - main completed in 0.60s
2024-12-13 22:02:51,535 - INFO - number of configurations: [250 250 250 250 250 250 250 250 250 250 250 250 250 250 250 250 250 250
 250 250]
2024-12-13 22:02:51,906 - INFO - vacuum phase free energy computed.
2024-12-13 22:02:51,906 - INFO - vacuum phase free energy: [ 2.20608248  1.22688278  0.56955823  0.09514735 -0.16408887 -0.24481854
 -0.26574108 -0.26539614 -0.24669955 -0.26505343 -0.30541274 -0.27144696
 -0.271997   -0.22673792 -0.22850849 -0.21346983 -0.31096727 -0.33150669
 -0.19348869 -0.29233762]
2024-12-13 22:02:51,930 - INFO - number of configurations: [250 250 250 250 250 250 250 250 250 250 250 250 250 250 250 250 250 250
 250 250]
2024-12-13 22:02:51,944 - INFO - water phase free energy computed.
2024-12-13 22:02:51,944 - INFO - water phase free energy: [-5.46966826 -0.31474604 -5.34253603 -0.87540614 -1.93878682  0.18695231
 -2.04153672 -0.3754736  -1.32731523 -0.17388187 -0.76976923 -0.74224975
  4.44792518  1.7382421   0.38340499  5.52511807  0.94734222  1.26612664
  2.09468429  2.78157388]
2024-12-13 22:02:51,944 - INFO - Hydration free energy: 10.749662240792707 kcal/mol
2024-12-13 22:02:51,944 - INFO - main completed in 0.43s
2024-12-14 11:33:37,992 - INFO - number of configurations: [250 250 250 250 250 250 250 250 250 250 250 250 250 250 250 250 250 250
 250 250]
2024-12-14 11:33:38,407 - INFO - vacuum phase free energy computed.
2024-12-14 11:33:38,407 - INFO - vacuum phase free energy: [ 2.12969878  1.2418001   0.59208121  0.11622522 -0.14989412 -0.29312847
 -0.28239788 -0.28797147 -0.29127169 -0.24122973 -0.2548051  -0.26282786
 -0.21557999 -0.225393   -0.30617891 -0.27114687 -0.22825596 -0.25415724
 -0.25433404 -0.26123297]
2024-12-14 11:33:38,445 - INFO - number of configurations: [250 250 250 250 250 250 250 250 250 250 250 250 250 250 250 250 250 250
 250 250]
2024-12-14 11:33:38,459 - INFO - water phase free energy computed.
2024-12-14 11:33:38,459 - INFO - water phase free energy: [-5.46966826 -0.31474604 -5.34253603 -0.87540614 -1.93878682  0.18695231
 -2.04153672 -0.3754736  -1.32731523 -0.17388187 -0.76976923 -0.74224975
  4.44792518  1.7382421   0.38340499  5.52511807  0.94734222  1.26612664
  2.09468429  2.78157388]
2024-12-14 11:33:38,459 - INFO - Hydration free energy: 10.642173889953618 kcal/mol
2024-12-14 11:33:38,459 - INFO - main completed in 0.49s
2024-12-14 16:32:00,095 - INFO - number of configurations: [250 250 250 250 250 250 250 250 250 250 250 250 250 250 250 250 250 250
 250 250]
2024-12-14 16:32:00,618 - INFO - vacuum phase free energy computed.
2024-12-14 16:32:00,618 - INFO - vacuum phase free energy: [  468.01174129   467.22909382   466.45648857   466.03993775
   465.83463437   465.71769984   449.21252512   432.42672038
   397.81945799   323.83494992   242.41480408   151.86869885
    49.01327648   -70.62755815  -214.78747221  -400.06692686
  -671.92373541  -892.63569009 -1068.71153599 -1527.12710975]
2024-12-14 16:32:00,645 - INFO - number of configurations: [250 250 250 250 250 250 250 250 250 250 250 250 250 250 250 250 250 250
 250 250]
2024-12-14 16:32:00,670 - INFO - water phase free energy computed.
2024-12-14 16:32:00,670 - INFO - water phase free energy: [  463.55584795   465.13539846   464.13970569   467.02652346
   464.96172457   466.87383303   443.96702933   434.43697945
   400.09173991   326.45766872   244.09972544   155.12447136
    49.50557349   -65.29135975  -211.38462534  -397.89125197
  -676.10335011  -894.24495475 -1067.66500178 -1532.79567716]
2024-12-14 16:32:00,670 - INFO - Hydration free energy: -1.2126740695875924 kcal/mol
2024-12-14 16:32:00,670 - INFO - main completed in 0.60s
2024-12-15 16:23:50,072 - INFO - number of configurations: [250 250 250 250 250 250 250 250 250 250 250 250 250 250 250 250 250 250
 250 250]
2024-12-15 16:23:50,447 - INFO - vacuum phase free energy computed.
2024-12-15 16:23:50,448 - INFO - vacuum phase free energy: [  525.0861181    526.03083773   527.61570161   529.65315642
   532.3894977    535.70997361   516.87646269   497.61696224
   457.92658899   373.43240341   280.37062373   176.70641702
    59.07946174   -77.68685914  -242.77256549  -455.14526349
  -766.77514547 -1020.20571841 -1222.55815121 -1753.35050179]
2024-12-15 16:23:50,471 - INFO - number of configurations: [250 250 250 250 250 250 250 250 250 250 250 250 250 250 250 250 250 250
 250 250]
2024-12-15 16:23:50,492 - INFO - water phase free energy computed.
2024-12-15 16:23:50,492 - INFO - water phase free energy: [  514.79442514   520.20169737   524.91532484   531.93351089
   528.23045027   537.36844154   519.61755933   498.76171419
   460.5445197    379.34825161   284.46495475   178.15232996
    61.17797083   -70.08648134  -242.4678588   -455.33937583
  -767.55939407 -1023.56941979 -1226.96234287 -1753.52627773]
2024-12-15 16:23:50,492 - INFO - Hydration free energy: 10.115917024778355 kcal/mol
2024-12-15 16:23:50,492 - INFO - main completed in 0.44s
2024-12-16 12:25:10,081 - INFO - number of configurations: [250 250 250 250 250 250 250 250 250 250 250 250 250 250 250 250 250 250
 250 250]
2024-12-16 12:25:10,475 - INFO - water phase free energy computed.
2024-12-16 12:25:10,476 - INFO - water phase free energy: [ 40.5528263   21.20639234   8.42273455  -1.98256791  -3.79576928
  -3.54142015  -6.88603071  -5.43338228  -5.26398245  -6.41947148
   1.04216636  -2.88093541  -1.10682919   1.90771837  -0.63640396
  -5.24722383 -11.86355546  -6.6574228   -5.08549343  -6.33134958]
2024-12-16 12:25:10,476 - INFO - main completed in 0.42s
2024-12-16 12:27:56,247 - INFO - number of configurations: [250 250 250 250 250 250 250 250 250 250 250 250 250 250 250 250 250 250
 250 250]
2024-12-16 12:27:56,634 - INFO - water phase free energy computed.
2024-12-16 12:27:56,634 - INFO - water phase free energy: [ 40.5528263   21.20639234   8.42273455  -1.98256791  -3.79576928
  -3.54142015  -6.88603071  -5.43338228  -5.26398245  -6.41947148
   1.04216636  -2.88093541  -1.10682919   1.90771837  -0.63640396
  -5.24722383 -11.86355546  -6.6574228   -5.08549343  -6.33134958]
2024-12-16 12:27:56,634 - INFO - water phase free energy difference: -46.884175881388366
2024-12-16 12:27:56,634 - INFO - main completed in 0.40s
2024-12-16 13:07:07,551 - INFO - number of configurations: [250 250 250 250 250 250 250 250 250 250 250 250 250 250 250 250 250 250
 250 250]
2024-12-16 13:07:07,963 - INFO - water phase free energy computed.
2024-12-16 13:07:07,963 - INFO - water phase free energy: [-170.01270419  -99.09707206  -43.56079021   -8.34503705   11.10819025
   18.74451639   23.10656905   20.70121687   19.03902448   19.49483631
   20.45054803   26.19810896   20.43228642   28.38175491   23.58642572
   20.50285847   14.97022546   17.43643525   19.65895865   17.2036483 ]
2024-12-16 13:07:07,963 - INFO - water phase free energy difference: 187.21635249075118
2024-12-16 13:07:07,963 - INFO - main completed in 0.44s
2024-12-16 13:43:34,688 - ERROR - water phase free energy computation failed: setting an array element with a sequence. The requested array has an inhomogeneous shape after 1 dimensions. The detected shape was (20,) + inhomogeneous part.
2024-12-16 13:43:34,688 - INFO - main completed in 0.01s
2024-12-16 13:59:26,079 - INFO - number of configurations: [250 250 250 250 250 250 250 250 250 250 250 250 250 250 250 250 250 250
 250 250]
2024-12-16 13:59:26,470 - INFO - water phase free energy computed.
2024-12-16 13:59:26,470 - INFO - water phase free energy: [-149.63667638 -145.05495077 -118.96572394  -85.92166742  -32.07839251
   38.8258084    34.13960095   35.81466985   35.19469477   31.79171776
   36.12366587   41.58836224   36.85852204   38.11142788   37.76207062
   36.43799144   30.32067683   30.83004828   34.12388007   33.73427403]
2024-12-16 13:59:26,470 - INFO - water phase free energy difference: 183.37095041255915
2024-12-16 13:59:26,470 - INFO - main completed in 0.42s
2024-12-17 14:56:57,726 - INFO - number of configurations: [250 250 250 250 250 250 250 250 250 250 250 250 250 250 250 250 250 250
 250 250]
2024-12-17 14:56:58,114 - INFO - water phase free energy computed.
2024-12-17 14:56:58,115 - INFO - water phase free energy: [-34.17040497 -31.53640618 -29.15562458 -16.32289114  -5.74366853
   5.64172441   8.90371985   8.18143174   6.38430822   9.68327745
  10.49581082   9.61638401  10.62665339  11.41789656  10.64942939
   7.31976598   4.32719886   5.09939662   5.29705308   3.28494502]
2024-12-17 14:56:58,115 - INFO - water phase free energy difference: 37.45534999106567
2024-12-17 14:56:58,115 - INFO - main completed in 0.41s
2024-12-17 17:01:46,528 - INFO - number of configurations: [250 250 250 250 250 250 250 250 250 250 250 250 250 250 250 250 250 250
 250 250]
2024-12-17 17:01:46,959 - INFO - water phase free energy computed.
2024-12-17 17:01:46,959 - INFO - water phase free energy: [-16.8350651   -8.75420671  -5.45943011  -1.89494395  -1.52771446
  -1.68465388   3.08411632   2.41463749   2.3353116    3.85999458
   2.40291461   4.09089553   3.25129996   7.97812132   4.42336003
   0.99329158  -2.19407667  -2.71100577   5.91918806   0.30796555]
2024-12-17 17:01:46,959 - INFO - water phase free energy difference: 17.14303065506143
2024-12-17 17:01:46,959 - INFO - main completed in 0.46s
2024-12-17 20:20:18,161 - INFO - number of configurations: [250 250 250 250 250 250 250 250 250 250 250 250 250 250 250 250 250 250
 250 250]
2024-12-17 20:20:18,575 - INFO - water phase free energy computed.
2024-12-17 20:20:18,576 - INFO - water phase free energy: [-2.5868737  -3.24441189 -2.54670593  2.12034134 -4.13688491 -2.57125059
 -1.954601   -3.05142722 -0.42800081  3.85676591  0.56715535 -1.15510983
  1.91449892  4.7337233   2.0568256   1.414113    3.53197483  1.86059408
  0.74665424 -1.1273807 ]
2024-12-17 20:20:18,576 - INFO - water phase free energy difference: 1.4594930023907864
2024-12-17 20:20:18,576 - INFO - main completed in 0.45s
2024-12-17 20:37:53,077 - INFO - number of configurations: [250 250 250 250 250 250 250 250 250 250 250 250 250 250 250 250 250 250
 250 250]
2024-12-17 20:37:53,477 - INFO - water phase free energy computed.
2024-12-17 20:37:53,478 - INFO - water phase free energy: [-7.52527961 -3.22382036 -0.7336962   0.53758392 -3.0605845  -5.34498412
 -2.35833613 -2.62259566  3.30014845 -2.80798912 -0.76522504  0.7385463
  4.84384102  2.89131019  3.40504708  4.32555151  1.69493123  2.35042382
  1.75449645  2.60063078]
2024-12-17 20:37:53,478 - INFO - water phase free energy difference: 10.125910388894617
2024-12-17 20:37:53,478 - INFO - main completed in 0.42s
2024-12-17 20:56:29,783 - INFO - number of configurations: [250 250 250 250 250 250 250 250 250 250 250 250 250 250 250 250 250 250
 250 250]
2024-12-17 20:56:30,164 - INFO - water phase free energy computed.
2024-12-17 20:56:30,165 - INFO - water phase free energy: [-6.07078243 -1.89149168 -2.23432285  1.37947375  3.07358552 -0.61173596
 -3.35871795 -3.33264568 -0.16433911 -0.71224982  0.107752    3.19490714
 -0.19952391  1.14338881  5.99683442  3.1782271   2.65905787 -0.52363771
 -0.43789339 -1.19588613]
2024-12-17 20:56:30,165 - INFO - water phase free energy difference: 4.874896305126832
2024-12-17 20:56:30,165 - INFO - main completed in 0.41s
2024-12-17 21:16:13,521 - INFO - number of configurations: [250 250 250 250 250 250 250 250 250 250 250 250 250 250 250 250 250 250
 250 250]
2024-12-17 21:16:13,906 - INFO - water phase free energy computed.
2024-12-17 21:16:13,906 - INFO - water phase free energy: [-1.60070453 -0.09434235 -1.48466622 -1.68249009 -3.51082554 -4.36188089
  1.80977195 -2.06091815  0.06888091 -1.41247114  2.24253279  0.31090901
  2.73600529  0.72492938  4.00215063  4.0538844   2.60905052  1.53751845
 -1.32359482 -2.56373959]
2024-12-17 21:16:13,906 - INFO - water phase free energy difference: -0.9630350608857019
2024-12-17 21:16:13,906 - INFO - main completed in 0.41s
2024-12-17 21:34:58,028 - INFO - number of configurations: [250 250 250 250 250 250 250 250 250 250 250 250 250 250 250 250 250 250
 250 250]
2024-12-17 21:34:58,439 - INFO - water phase free energy computed.
2024-12-17 21:34:58,439 - INFO - water phase free energy: [-7.0458232  -3.43425225 -0.53263473 -1.53107116 -0.02461759 -0.84981749
 -3.31058382 -1.71273295 -2.200937    2.41013317  1.70381375  1.96930608
  4.21545282  1.23755167 -1.28457198  4.65646726  3.22555348  1.25581451
  1.40701452 -0.15406509]
2024-12-17 21:34:58,439 - INFO - water phase free energy difference: 6.891758113700838
2024-12-17 21:34:58,439 - INFO - main completed in 0.43s
2024-12-17 21:53:48,225 - INFO - number of configurations: [250 250 250 250 250 250 250 250 250 250 250 250 250 250 250 250 250 250
 250 250]
2024-12-17 21:53:48,618 - INFO - water phase free energy computed.
2024-12-17 21:53:48,619 - INFO - water phase free energy: [-20.44400667 -18.01480215 -10.7635188  -11.0031874   -3.07107133
   2.95110154   0.88817168  -0.80585982   3.21280048   2.28331732
   2.41330457   3.78487539   6.1849306    8.37353188   8.31185275
   6.32718027   5.17574962   3.94619615   7.10084347   3.14859045]
2024-12-17 21:53:48,619 - INFO - water phase free energy difference: 23.59259711510531
2024-12-17 21:53:48,619 - INFO - main completed in 0.42s
2024-12-17 22:34:51,718 - INFO - number of configurations: [250 250 250 250 250 250 250 250 250 250 250 250 250 250 250 250 250 250
 250 250]
2024-12-17 22:34:52,205 - INFO - water phase free energy computed.
2024-12-17 22:34:52,205 - INFO - water phase free energy: [-18.62137501 -21.19349123 -11.89278283  -8.12342724  -3.51019148
  -1.74967433   2.52811458  -0.84835696   1.18240331   2.41608082
   6.55270455   6.01508945   1.84288223   7.73678525  10.2043149
   5.52758416   5.10130302   5.48471804   8.06371753   3.28360126]
2024-12-17 22:34:52,205 - INFO - water phase free energy difference: 21.904976271797644
2024-12-17 22:34:52,205 - INFO - main completed in 0.52s
2024-12-17 22:56:53,242 - INFO - number of configurations: [250 250 250 250 250 250 250 250 250 250 250 250 250 250 250 250 250 250
 250 250]
2024-12-17 22:56:53,637 - INFO - water phase free energy computed.
2024-12-17 22:56:53,638 - INFO - water phase free energy: [-3.25641555  0.12417066 -1.25558893 -4.20454686 -4.49254613 -3.79372523
 -4.8072586   2.14793746 -0.78243655 -0.05273515  2.64342417  1.55634856
  1.69971862  4.65442086  3.72090808  0.70203511  2.37084881  2.60846977
  0.38746719  0.02950368]
2024-12-17 22:56:53,638 - INFO - water phase free energy difference: 3.285919229326562
2024-12-17 22:56:53,638 - INFO - main completed in 0.42s
2024-12-18 11:14:20,740 - INFO - number of configurations: [250 250 250 250 250 250 250 250 250 250 250 250 250 250 250 250 250 250
 250 250]
2024-12-18 11:14:21,550 - INFO - water phase free energy computed.
2024-12-18 11:14:21,550 - INFO - water phase free energy: [-3.79793142 -4.86293417 -3.81082216 -1.94600234 -4.60944047 -0.12113012
  2.44945352  0.51602338 -2.32326297 -2.06692973  1.52232464  3.32455321
  3.65535832  3.47240562  1.8584908   2.35479068 -0.41528939  2.34072439
  2.96789407 -0.50827587]
2024-12-18 11:14:21,550 - INFO - water phase free energy difference: 3.2896555509259917
2024-12-18 11:14:21,550 - INFO - main completed in 0.84s
2024-12-18 14:23:20,243 - INFO - number of configurations: [250 250 250 250 250 250 250 250 250 250 250 250 250 250 250 250 250 250
 250 250]
2024-12-18 14:23:20,678 - INFO - water phase free energy computed.
2024-12-18 14:23:20,679 - INFO - water phase free energy: [-4.28408231 -2.62880609 -1.89859907  1.89934873  0.77138123 -3.43206766
 -4.12806442 -2.16056827 -1.56372427 -1.944643    0.53832931  3.0744435
  2.20237712  3.86190512  5.64249078 -0.29890034  3.29845245 -0.29749895
 -1.54973583  2.89796198]
2024-12-18 14:23:20,679 - INFO - water phase free energy difference: 7.1820442952903365
2024-12-18 14:23:20,679 - INFO - main completed in 0.46s
2024-12-18 14:42:33,967 - INFO - number of configurations: [250 250 250 250 250 250 250 250 250 250 250 250 250 250 250 250 250 250
 250 250]
2024-12-18 14:42:34,455 - INFO - water phase free energy computed.
2024-12-18 14:42:34,456 - INFO - water phase free energy: [-3.02666191 -1.48346313 -1.68225058 -1.73893238 -4.70246473 -1.64118302
 -1.752614   -0.86436434 -3.52586141  0.49942348  1.4263445   0.33289383
  2.77314962  4.35924318  1.78602387  2.88526856  1.33166797  2.83158094
  3.10111342 -0.90891386]
2024-12-18 14:42:34,456 - INFO - water phase free energy difference: 2.1177480486818663
2024-12-18 14:42:34,456 - INFO - main completed in 0.52s
2024-12-18 15:00:09,566 - INFO - number of configurations: [250 250 250 250 250 250 250 250 250 250 250 250 250 250 250 250 250 250
 250 250]
2024-12-18 15:00:09,968 - INFO - water phase free energy computed.
2024-12-18 15:00:09,968 - INFO - water phase free energy: [-1.35784501e+01 -1.20613735e+01 -3.85463348e+00 -4.45931981e+00
  4.60005247e-01 -3.29155246e+00  3.03504223e+00  9.61928033e-01
  9.68892954e-01  2.37223710e+00 -4.41245488e+00  4.10939394e+00
  3.10405780e+00  6.14602810e+00  4.13027478e+00  7.55129201e+00
  3.58362836e+00  3.47779373e-01  9.76908391e-03  4.87745518e+00]
2024-12-18 15:00:09,968 - INFO - water phase free energy difference: 18.455905248267225
2024-12-18 15:00:09,969 - INFO - main completed in 0.43s
2024-12-18 15:26:41,845 - INFO - number of configurations: [250 250 250 250 250 250 250 250 250 250 250 250 250 250 250 250 250 250
 250 250]
2024-12-18 15:26:42,400 - INFO - water phase free energy computed.
2024-12-18 15:26:42,400 - INFO - water phase free energy: [-9.81340585 -8.58296647 -5.49385625 -7.18789068  0.46771259  0.23377471
  0.8398018  -1.30994166  1.21189314  5.49368852  4.03971889  0.39121192
  2.24080734  3.04812193  3.42538788  1.63715802  3.632582    0.857671
  2.74164347  2.12688769]
2024-12-18 15:26:42,400 - INFO - water phase free energy difference: 11.94029353164465
2024-12-18 15:26:42,401 - INFO - main completed in 0.59s
2024-12-18 16:03:51,490 - INFO - number of configurations: [250 250 250 250 250 250 250 250 250 250 250 250 250 250 250 250 250 250
 250 250]
2024-12-18 16:03:51,877 - INFO - water phase free energy computed.
2024-12-18 16:03:51,877 - INFO - water phase free energy: [-2.76895258 -0.95471559 -0.29613697 -2.94880033 -2.10517075 -4.98181686
 -0.03561652 -0.14259941 -0.79353864 -1.57405914 -1.19885559  3.0009183
  4.39913846  3.64199505  2.22801861  3.06059165  4.49083006 -0.09922769
  0.72800898 -3.65001101]
2024-12-18 16:03:51,877 - INFO - water phase free energy difference: -0.8810584315927494
2024-12-18 16:03:51,877 - INFO - main completed in 0.42s
2024-12-18 16:48:52,867 - INFO - number of configurations: [250 250 250 250 250 250 250 250 250 250 250 250 250 250 250 250 250 250
 250 250]
2024-12-18 16:48:53,358 - INFO - water phase free energy computed.
2024-12-18 16:48:53,358 - INFO - water phase free energy: [-18.67513259 -16.64429373 -11.67403126  -7.10507105  -5.20605034
   3.02835189  -2.42959039   1.80036375   1.13253138   1.4898174
   6.07156876   8.18426888   4.35653349   5.77967511   8.69731913
   5.81594698   5.67401026   2.96198511   2.15677447   4.58502276]
2024-12-18 16:48:53,358 - INFO - water phase free energy difference: 23.26015535319469
2024-12-18 16:48:53,359 - INFO - main completed in 0.52s
2024-12-18 17:52:28,986 - INFO - number of configurations: [250 250 250 250 250 250 250 250 250 250 250 250 250 250 250 250 250 250
 250 250]
2024-12-18 17:52:29,388 - INFO - water phase free energy computed.
2024-12-18 17:52:29,388 - INFO - water phase free energy: [-2.32944535e+01 -1.81317807e+01 -1.15261630e+01 -5.72259708e+00
 -8.26890730e+00  1.33253088e+00 -8.69065142e-03 -1.86059562e+00
  4.85226538e+00  3.64362584e+00  2.23130957e+00  6.16503315e+00
  4.96702294e+00  1.10898433e+01  7.41219643e+00  8.76643803e+00
  3.25073115e+00  4.39209227e+00  4.88010298e+00  5.82999592e+00]
2024-12-18 17:52:29,388 - INFO - water phase free energy difference: 29.12444937945319
2024-12-18 17:52:29,388 - INFO - main completed in 0.43s
2024-12-18 18:32:28,133 - INFO - number of configurations: [250 250 250 250 250 250 250 250 250 250 250 250 250 250 250 250 250 250
 250 250]
2024-12-18 18:32:28,602 - INFO - water phase free energy computed.
2024-12-18 18:32:28,603 - INFO - water phase free energy: [-19.04061018 -16.63155102 -12.58150972  -9.48085837  -1.39006219
  -0.49758124  -0.12384846   2.75580904   2.31003926   2.79132385
   4.67260761   3.6033076    7.04280952   6.15710815   5.57591805
   5.24219482   4.98388816   5.11541333   4.42402974   5.07157208]
2024-12-18 18:32:28,603 - INFO - water phase free energy difference: 24.1121822557688
2024-12-18 18:32:28,603 - INFO - main completed in 0.50s
2024-12-18 19:10:12,681 - INFO - number of configurations: [250 250 250 250 250 250 250 250 250 250 250 250 250 250 250 250 250 250
 250 250]
2024-12-18 19:10:13,090 - INFO - water phase free energy computed.
2024-12-18 19:10:13,090 - INFO - water phase free energy: [-23.74254179 -18.0347414  -11.49407664  -6.67734099  -3.81547248
   1.56805317   1.00333289  -0.56527164   3.84884587   3.96263943
   6.67798853   2.32404953   5.39657667   7.03924631   9.96057605
   5.258117     5.1113598    2.93235295   4.10487239   5.14143434]
2024-12-18 19:10:13,090 - INFO - water phase free energy difference: 28.883976136405316
2024-12-18 19:10:13,090 - INFO - main completed in 0.44s
2024-12-19 10:40:21,758 - INFO - number of configurations: [250 250 250 250 250 250 250 250 250 250 250 250 250 250 250 250 250 250
 250 250]
2024-12-19 10:40:22,185 - INFO - water phase free energy computed.
2024-12-19 10:40:22,186 - INFO - water phase free energy: [-22.84783577 -15.1268749  -14.17841273  -7.24726133  -6.22673778
   0.05564794   1.31730999  -1.79043123   4.08357675   5.138035
   3.38017096   3.16358753   7.03736164   6.39961772   5.64725916
  11.12159929   6.18118059   2.14200022   8.00853653   3.74167042]
2024-12-19 10:40:22,186 - INFO - water phase free energy difference: 26.5895061900292
2024-12-19 10:40:22,186 - INFO - main completed in 0.45s
2024-12-19 12:00:32,046 - INFO - number of configurations: [250 250 250 250 250 250 250 250 250 250 250 250 250 250 250 250 250 250
 250 250]
2024-12-19 12:00:32,462 - INFO - water phase free energy computed.
2024-12-19 12:00:32,463 - INFO - water phase free energy: [-9.54017507 -9.35258003 -8.72897796 -5.55627973 -2.12336283 -3.04418641
 -1.10294213  3.37228464 -0.53713736 -1.20156231  2.6238059   5.52153345
  4.83526536  1.49352247  6.04743655  5.52227537  2.60109536  6.17425383
  0.99906124  1.99666966]
2024-12-19 12:00:32,463 - INFO - water phase free energy difference: 11.536844724349095
2024-12-19 12:00:32,463 - INFO - main completed in 0.49s
2024-12-19 12:38:02,698 - INFO - number of configurations: [250 250 250 250 250 250 250 250 250 250 250 250 250 250 250 250 250 250
 250 250]
2024-12-19 12:38:03,091 - INFO - water phase free energy computed.
2024-12-19 12:38:03,091 - INFO - water phase free energy: [-8.00242309 -6.69307157 -3.67497551 -4.50095311  2.21736585 -1.85271662
 -1.75547283 -3.48848933 -0.16691265  3.63133362  4.04259224  1.42248426
  3.67586097  1.02936665  3.82103367  4.58427166  1.29397205  0.84538874
  0.24958437  3.32176064]
2024-12-19 12:38:03,091 - INFO - water phase free energy difference: 11.324183733306123
2024-12-19 12:38:03,091 - INFO - main completed in 0.42s
2024-12-19 13:14:07,586 - INFO - number of configurations: [250 250 250 250 250 250 250 250 250 250 250 250 250 250 250 250 250 250
 250 250]
2024-12-19 13:14:08,042 - INFO - water phase free energy computed.
2024-12-19 13:14:08,042 - INFO - water phase free energy: [-9.42267931 -6.24837265 -3.71189346 -4.30101197 -3.59537561 -0.18212927
 -2.51818791 -1.91990207 -2.23444609 -1.22030345 -0.39533386  1.6140866
  4.11798186  3.68428736  8.36933718  1.85669863  6.29803267  4.98694808
  0.78746726  4.03479601]
2024-12-19 13:14:08,042 - INFO - water phase free energy difference: 13.457475327210489
2024-12-19 13:14:08,043 - INFO - main completed in 0.49s
2024-12-19 13:49:30,428 - INFO - number of configurations: [250 250 250 250 250 250 250 250 250 250 250 250 250 250 250 250 250 250
 250 250]
2024-12-19 13:49:30,828 - INFO - water phase free energy computed.
2024-12-19 13:49:30,828 - INFO - water phase free energy: [-13.13107274  -6.09607742  -4.12860062  -3.02434603  -3.5914794
  -2.00904609  -2.16948215  -1.85161608  -4.68724423   3.55417147
   6.329163     2.79658878   2.81013196   7.42441291   9.13629859
   1.84157046   2.18129052   3.89617283  -1.48531328   2.20447752]
2024-12-19 13:49:30,828 - INFO - water phase free energy difference: 15.335550261812859
2024-12-19 13:49:30,828 - INFO - main completed in 0.43s
2024-12-19 14:24:04,391 - INFO - number of configurations: [250 250 250 250 250 250 250 250 250 250 250 250 250 250 250 250 250 250
 250 250]
2024-12-19 14:24:04,816 - INFO - water phase free energy computed.
2024-12-19 14:24:04,817 - INFO - water phase free energy: [-21.29950013 -17.3674309   -8.83269244  -6.33042301  -5.68100644
  -0.82629647   1.73280418   0.94354055   0.09596675   2.8170457
   3.74610653   2.73113639   4.13110915   7.23417204   8.36320417
   6.52851527   5.3948408    3.76576832   4.93077023   7.92236931]
2024-12-19 14:24:04,817 - INFO - water phase free energy difference: 29.22186944243626
2024-12-19 14:24:04,817 - INFO - main completed in 0.45s
